2021/08/22 10:47:45 [error] [php] include(WebUser.php): failed to open stream: No such file or directory (C:\xampp72\htdocs\simkatmawa\framework\YiiBase.php:463)
Stack trace:
#0 unknown(0): spl_autoload_call()
#1 C:\xampp72\htdocs\simkatmawa\framework\YiiBase.php(310): class_exists()
#2 C:\xampp72\htdocs\simkatmawa\framework\YiiBase.php(204): import()
#3 C:\xampp72\htdocs\simkatmawa\framework\base\CModule.php(393): createComponent()
#4 C:\xampp72\htdocs\simkatmawa\framework\base\CModule.php(103): CWebApplication->getComponent()
#5 C:\xampp72\htdocs\simkatmawa\protected\views\layouts\main.php(35): CWebApplication->__get()
#6 C:\xampp72\htdocs\simkatmawa\framework\web\CBaseController.php(126): require()
#7 C:\xampp72\htdocs\simkatmawa\framework\web\CBaseController.php(95): SiteController->renderInternal()
#8 C:\xampp72\htdocs\simkatmawa\framework\web\widgets\CContentDecorator.php(76): SiteController->renderFile()
#9 C:\xampp72\htdocs\simkatmawa\framework\web\widgets\CContentDecorator.php(54): CContentDecorator->decorate()
#10 C:\xampp72\htdocs\simkatmawa\framework\web\widgets\COutputProcessor.php(44): CContentDecorator->processOutput()
#11 C:\xampp72\htdocs\simkatmawa\framework\web\CBaseController.php(215): CContentDecorator->run()
#12 C:\xampp72\htdocs\simkatmawa\framework\web\CBaseController.php(309): SiteController->endWidget()
#13 C:\xampp72\htdocs\simkatmawa\protected\views\layouts\column1.php(6): SiteController->endContent()
#14 C:\xampp72\htdocs\simkatmawa\framework\web\CBaseController.php(126): require()
#15 C:\xampp72\htdocs\simkatmawa\framework\web\CBaseController.php(95): SiteController->renderInternal()
#16 C:\xampp72\htdocs\simkatmawa\framework\web\CController.php(787): SiteController->renderFile()
#17 C:\xampp72\htdocs\simkatmawa\protected\controllers\SiteController.php(32): SiteController->render()
#18 C:\xampp72\htdocs\simkatmawa\framework\web\actions\CInlineAction.php(49): SiteController->actionIndex()
#19 C:\xampp72\htdocs\simkatmawa\framework\web\CController.php(308): CInlineAction->runWithParams()
#20 C:\xampp72\htdocs\simkatmawa\framework\web\CController.php(286): SiteController->runAction()
#21 C:\xampp72\htdocs\simkatmawa\framework\web\CController.php(265): SiteController->runActionWithFilters()
#22 C:\xampp72\htdocs\simkatmawa\framework\web\CWebApplication.php(282): SiteController->run()
#23 C:\xampp72\htdocs\simkatmawa\framework\web\CWebApplication.php(141): CWebApplication->runController()
#24 C:\xampp72\htdocs\simkatmawa\framework\base\CApplication.php(185): CWebApplication->processRequest()
#25 C:\xampp72\htdocs\simkatmawa\index.php(13): CWebApplication->run()
REQUEST_URI=/simkatmawa/
in C:\xampp72\htdocs\simkatmawa\protected\views\layouts\main.php (35)
in C:\xampp72\htdocs\simkatmawa\protected\views\layouts\column1.php (6)
in C:\xampp72\htdocs\simkatmawa\protected\controllers\SiteController.php (32)
2021/08/22 11:15:35 [error] [exception.CException] CException: User dan behaviornya tidak memiliki method ataupun closure bernama "encrypt" in C:\xampp72\htdocs\simkatmawa\framework\base\CComponent.php:266
Stack trace:
#0 C:\xampp72\htdocs\simkatmawa\framework\db\ar\CActiveRecord.php(229): CComponent->__call('encrypt', Array)
#1 C:\xampp72\htdocs\simkatmawa\protected\components\UserIdentity.php(31): CActiveRecord->__call('encrypt', Array)
#2 C:\xampp72\htdocs\simkatmawa\protected\models\LoginForm.php(54): UserIdentity->authenticate()
#3 C:\xampp72\htdocs\simkatmawa\framework\validators\CInlineValidator.php(42): LoginForm->authenticate('password', Array)
#4 C:\xampp72\htdocs\simkatmawa\framework\validators\CValidator.php(201): CInlineValidator->validateAttribute(Object(LoginForm), 'password')
#5 C:\xampp72\htdocs\simkatmawa\framework\base\CModel.php(159): CValidator->validate(Object(LoginForm), Array)
#6 C:\xampp72\htdocs\simkatmawa\protected\controllers\SiteController.php(95): CModel->validate()
#7 C:\xampp72\htdocs\simkatmawa\framework\web\actions\CInlineAction.php(49): SiteController->actionLogin()
#8 C:\xampp72\htdocs\simkatmawa\framework\web\CController.php(308): CInlineAction->runWithParams(Array)
#9 C:\xampp72\htdocs\simkatmawa\framework\web\CController.php(286): CController->runAction(Object(CInlineAction))
#10 C:\xampp72\htdocs\simkatmawa\framework\web\CController.php(265): CController->runActionWithFilters(Object(CInlineAction), Array)
#11 C:\xampp72\htdocs\simkatmawa\framework\web\CWebApplication.php(282): CController->run('login')
#12 C:\xampp72\htdocs\simkatmawa\framework\web\CWebApplication.php(141): CWebApplication->runController('site/login')
#13 C:\xampp72\htdocs\simkatmawa\framework\base\CApplication.php(185): CWebApplication->processRequest()
#14 C:\xampp72\htdocs\simkatmawa\index.php(13): CApplication->run()
#15 {main}
REQUEST_URI=/simkatmawa/index.php?r=site/login
HTTP_REFERER=http://localhost/simkatmawa/index.php?r=site/login
---
2021/08/23 09:23:03 [error] [exception.CDbException] CDbException: CDbConnection failed to open the DB connection: SQLSTATE[HY000] [1045] Access denied for user 'root'@'localhost' (using password: NO) in /Applications/MAMP/htdocs/bmt/simkatmawa/framework/db/CDbConnection.php:399
Stack trace:
#0 /Applications/MAMP/htdocs/bmt/simkatmawa/framework/db/CDbConnection.php(347): CDbConnection->open()
#1 /Applications/MAMP/htdocs/bmt/simkatmawa/framework/db/CDbConnection.php(325): CDbConnection->setActive(true)
#2 /Applications/MAMP/htdocs/bmt/simkatmawa/framework/base/CModule.php(394): CDbConnection->init()
#3 /Applications/MAMP/htdocs/bmt/simkatmawa/framework/base/CApplication.php(459): CModule->getComponent('db')
#4 /Applications/MAMP/htdocs/bmt/simkatmawa/framework/db/ar/CActiveRecord.php(639): CApplication->getDb()
#5 /Applications/MAMP/htdocs/bmt/simkatmawa/framework/db/ar/CActiveRecord.php(2389): CActiveRecord->getDbConnection()
#6 /Applications/MAMP/htdocs/bmt/simkatmawa/framework/db/ar/CActiveRecord.php(413): CActiveRecordMetaData->__construct(Object(User))
#7 /Applications/MAMP/htdocs/bmt/simkatmawa/framework/db/ar/CActiveRecord.php(79): CActiveRecord->getMetaData()
#8 /Applications/MAMP/htdocs/bmt/simkatmawa/protected/controllers/UserController.php(136): CActiveRecord->__construct('search')
#9 /Applications/MAMP/htdocs/bmt/simkatmawa/framework/web/actions/CInlineAction.php(49): UserController->actionAdmin()
#10 /Applications/MAMP/htdocs/bmt/simkatmawa/framework/web/CController.php(308): CInlineAction->runWithParams(Array)
#11 /Applications/MAMP/htdocs/bmt/simkatmawa/framework/web/filters/CFilterChain.php(134): CController->runAction(Object(CInlineAction))
#12 /Applications/MAMP/htdocs/bmt/simkatmawa/framework/web/filters/CFilter.php(40): CFilterChain->run()
#13 /Applications/MAMP/htdocs/bmt/simkatmawa/framework/web/CController.php(1148): CFilter->filter(Object(CFilterChain))
#14 /Applications/MAMP/htdocs/bmt/simkatmawa/framework/web/filters/CInlineFilter.php(58): CController->filterAccessControl(Object(CFilterChain))
#15 /Applications/MAMP/htdocs/bmt/simkatmawa/framework/web/filters/CFilterChain.php(131): CInlineFilter->filter(Object(CFilterChain))
#16 /Applications/MAMP/htdocs/bmt/simkatmawa/framework/web/CController.php(291): CFilterChain->run()
#17 /Applications/MAMP/htdocs/bmt/simkatmawa/framework/web/CController.php(265): CController->runActionWithFilters(Object(CInlineAction), Array)
#18 /Applications/MAMP/htdocs/bmt/simkatmawa/framework/web/CWebApplication.php(282): CController->run('admin')
#19 /Applications/MAMP/htdocs/bmt/simkatmawa/framework/web/CWebApplication.php(141): CWebApplication->runController('user/admin')
#20 /Applications/MAMP/htdocs/bmt/simkatmawa/framework/base/CApplication.php(185): CWebApplication->processRequest()
#21 /Applications/MAMP/htdocs/bmt/simkatmawa/index.php(13): CApplication->run()
#22 {main}
REQUEST_URI=/bmt/simkatmawa/index.php?r=user/admin
HTTP_REFERER=http://localhost/bmt/simkatmawa/index.php
---
2021/08/23 09:36:20 [error] [php] Undefined variable: r (/Applications/MAMP/htdocs/bmt/simkatmawa/protected/views/user/admin.php:36)
Stack trace:
#0 /Applications/MAMP/htdocs/bmt/simkatmawa/framework/web/CController.php(872): UserController->renderFile()
#1 /Applications/MAMP/htdocs/bmt/simkatmawa/framework/web/CController.php(785): UserController->renderPartial()
#2 /Applications/MAMP/htdocs/bmt/simkatmawa/protected/controllers/UserController.php(142): UserController->render()
#3 /Applications/MAMP/htdocs/bmt/simkatmawa/framework/web/actions/CInlineAction.php(49): UserController->actionAdmin()
#4 /Applications/MAMP/htdocs/bmt/simkatmawa/framework/web/CController.php(308): CInlineAction->runWithParams()
#5 /Applications/MAMP/htdocs/bmt/simkatmawa/framework/web/filters/CFilterChain.php(134): UserController->runAction()
#6 /Applications/MAMP/htdocs/bmt/simkatmawa/framework/web/filters/CFilter.php(40): CFilterChain->run()
#7 /Applications/MAMP/htdocs/bmt/simkatmawa/framework/web/CController.php(1148): CAccessControlFilter->filter()
#8 /Applications/MAMP/htdocs/bmt/simkatmawa/framework/web/filters/CInlineFilter.php(58): UserController->filterAccessControl()
#9 /Applications/MAMP/htdocs/bmt/simkatmawa/framework/web/filters/CFilterChain.php(131): CInlineFilter->filter()
#10 /Applications/MAMP/htdocs/bmt/simkatmawa/framework/web/CController.php(291): CFilterChain->run()
#11 /Applications/MAMP/htdocs/bmt/simkatmawa/framework/web/CController.php(265): UserController->runActionWithFilters()
#12 /Applications/MAMP/htdocs/bmt/simkatmawa/framework/web/CWebApplication.php(282): UserController->run()
#13 /Applications/MAMP/htdocs/bmt/simkatmawa/framework/web/CWebApplication.php(141): CWebApplication->runController()
#14 /Applications/MAMP/htdocs/bmt/simkatmawa/framework/base/CApplication.php(185): CWebApplication->processRequest()
#15 /Applications/MAMP/htdocs/bmt/simkatmawa/index.php(13): CWebApplication->run()
REQUEST_URI=/bmt/simkatmawa/index.php?r=user/admin
in /Applications/MAMP/htdocs/bmt/simkatmawa/protected/views/user/admin.php (36)
in /Applications/MAMP/htdocs/bmt/simkatmawa/protected/controllers/UserController.php (142)
in /Applications/MAMP/htdocs/bmt/simkatmawa/index.php (13)
2021/08/23 09:36:29 [error] [php] Undefined variable: r (/Applications/MAMP/htdocs/bmt/simkatmawa/protected/views/user/admin.php:36)
Stack trace:
#0 /Applications/MAMP/htdocs/bmt/simkatmawa/framework/web/CController.php(872): UserController->renderFile()
#1 /Applications/MAMP/htdocs/bmt/simkatmawa/framework/web/CController.php(785): UserController->renderPartial()
#2 /Applications/MAMP/htdocs/bmt/simkatmawa/protected/controllers/UserController.php(142): UserController->render()
#3 /Applications/MAMP/htdocs/bmt/simkatmawa/framework/web/actions/CInlineAction.php(49): UserController->actionAdmin()
#4 /Applications/MAMP/htdocs/bmt/simkatmawa/framework/web/CController.php(308): CInlineAction->runWithParams()
#5 /Applications/MAMP/htdocs/bmt/simkatmawa/framework/web/filters/CFilterChain.php(134): UserController->runAction()
#6 /Applications/MAMP/htdocs/bmt/simkatmawa/framework/web/filters/CFilter.php(40): CFilterChain->run()
#7 /Applications/MAMP/htdocs/bmt/simkatmawa/framework/web/CController.php(1148): CAccessControlFilter->filter()
#8 /Applications/MAMP/htdocs/bmt/simkatmawa/framework/web/filters/CInlineFilter.php(58): UserController->filterAccessControl()
#9 /Applications/MAMP/htdocs/bmt/simkatmawa/framework/web/filters/CFilterChain.php(131): CInlineFilter->filter()
#10 /Applications/MAMP/htdocs/bmt/simkatmawa/framework/web/CController.php(291): CFilterChain->run()
#11 /Applications/MAMP/htdocs/bmt/simkatmawa/framework/web/CController.php(265): UserController->runActionWithFilters()
#12 /Applications/MAMP/htdocs/bmt/simkatmawa/framework/web/CWebApplication.php(282): UserController->run()
#13 /Applications/MAMP/htdocs/bmt/simkatmawa/framework/web/CWebApplication.php(141): CWebApplication->runController()
#14 /Applications/MAMP/htdocs/bmt/simkatmawa/framework/base/CApplication.php(185): CWebApplication->processRequest()
#15 /Applications/MAMP/htdocs/bmt/simkatmawa/index.php(13): CWebApplication->run()
REQUEST_URI=/bmt/simkatmawa/index.php?r=user/admin
in /Applications/MAMP/htdocs/bmt/simkatmawa/protected/views/user/admin.php (36)
in /Applications/MAMP/htdocs/bmt/simkatmawa/protected/controllers/UserController.php (142)
in /Applications/MAMP/htdocs/bmt/simkatmawa/index.php (13)
2021/08/23 09:36:32 [error] [php] Undefined variable: r (/Applications/MAMP/htdocs/bmt/simkatmawa/protected/views/user/admin.php:36)
Stack trace:
#0 /Applications/MAMP/htdocs/bmt/simkatmawa/framework/web/CController.php(872): UserController->renderFile()
#1 /Applications/MAMP/htdocs/bmt/simkatmawa/framework/web/CController.php(785): UserController->renderPartial()
#2 /Applications/MAMP/htdocs/bmt/simkatmawa/protected/controllers/UserController.php(142): UserController->render()
#3 /Applications/MAMP/htdocs/bmt/simkatmawa/framework/web/actions/CInlineAction.php(49): UserController->actionAdmin()
#4 /Applications/MAMP/htdocs/bmt/simkatmawa/framework/web/CController.php(308): CInlineAction->runWithParams()
#5 /Applications/MAMP/htdocs/bmt/simkatmawa/framework/web/filters/CFilterChain.php(134): UserController->runAction()
#6 /Applications/MAMP/htdocs/bmt/simkatmawa/framework/web/filters/CFilter.php(40): CFilterChain->run()
#7 /Applications/MAMP/htdocs/bmt/simkatmawa/framework/web/CController.php(1148): CAccessControlFilter->filter()
#8 /Applications/MAMP/htdocs/bmt/simkatmawa/framework/web/filters/CInlineFilter.php(58): UserController->filterAccessControl()
#9 /Applications/MAMP/htdocs/bmt/simkatmawa/framework/web/filters/CFilterChain.php(131): CInlineFilter->filter()
#10 /Applications/MAMP/htdocs/bmt/simkatmawa/framework/web/CController.php(291): CFilterChain->run()
#11 /Applications/MAMP/htdocs/bmt/simkatmawa/framework/web/CController.php(265): UserController->runActionWithFilters()
#12 /Applications/MAMP/htdocs/bmt/simkatmawa/framework/web/CWebApplication.php(282): UserController->run()
#13 /Applications/MAMP/htdocs/bmt/simkatmawa/framework/web/CWebApplication.php(141): CWebApplication->runController()
#14 /Applications/MAMP/htdocs/bmt/simkatmawa/framework/base/CApplication.php(185): CWebApplication->processRequest()
#15 /Applications/MAMP/htdocs/bmt/simkatmawa/index.php(13): CWebApplication->run()
REQUEST_URI=/bmt/simkatmawa/index.php?r=user/admin
in /Applications/MAMP/htdocs/bmt/simkatmawa/protected/views/user/admin.php (36)
in /Applications/MAMP/htdocs/bmt/simkatmawa/protected/controllers/UserController.php (142)
in /Applications/MAMP/htdocs/bmt/simkatmawa/index.php (13)
2021/08/23 09:37:06 [error] [php] Undefined variable: r (/Applications/MAMP/htdocs/bmt/simkatmawa/protected/views/user/admin.php:36)
Stack trace:
#0 /Applications/MAMP/htdocs/bmt/simkatmawa/framework/web/CController.php(872): UserController->renderFile()
#1 /Applications/MAMP/htdocs/bmt/simkatmawa/framework/web/CController.php(785): UserController->renderPartial()
#2 /Applications/MAMP/htdocs/bmt/simkatmawa/protected/controllers/UserController.php(142): UserController->render()
#3 /Applications/MAMP/htdocs/bmt/simkatmawa/framework/web/actions/CInlineAction.php(49): UserController->actionAdmin()
#4 /Applications/MAMP/htdocs/bmt/simkatmawa/framework/web/CController.php(308): CInlineAction->runWithParams()
#5 /Applications/MAMP/htdocs/bmt/simkatmawa/framework/web/filters/CFilterChain.php(134): UserController->runAction()
#6 /Applications/MAMP/htdocs/bmt/simkatmawa/framework/web/filters/CFilter.php(40): CFilterChain->run()
#7 /Applications/MAMP/htdocs/bmt/simkatmawa/framework/web/CController.php(1148): CAccessControlFilter->filter()
#8 /Applications/MAMP/htdocs/bmt/simkatmawa/framework/web/filters/CInlineFilter.php(58): UserController->filterAccessControl()
#9 /Applications/MAMP/htdocs/bmt/simkatmawa/framework/web/filters/CFilterChain.php(131): CInlineFilter->filter()
#10 /Applications/MAMP/htdocs/bmt/simkatmawa/framework/web/CController.php(291): CFilterChain->run()
#11 /Applications/MAMP/htdocs/bmt/simkatmawa/framework/web/CController.php(265): UserController->runActionWithFilters()
#12 /Applications/MAMP/htdocs/bmt/simkatmawa/framework/web/CWebApplication.php(282): UserController->run()
#13 /Applications/MAMP/htdocs/bmt/simkatmawa/framework/web/CWebApplication.php(141): CWebApplication->runController()
#14 /Applications/MAMP/htdocs/bmt/simkatmawa/framework/base/CApplication.php(185): CWebApplication->processRequest()
#15 /Applications/MAMP/htdocs/bmt/simkatmawa/index.php(13): CWebApplication->run()
REQUEST_URI=/bmt/simkatmawa/index.php?r=user/admin
in /Applications/MAMP/htdocs/bmt/simkatmawa/protected/views/user/admin.php (36)
in /Applications/MAMP/htdocs/bmt/simkatmawa/protected/controllers/UserController.php (142)
in /Applications/MAMP/htdocs/bmt/simkatmawa/index.php (13)
2021/08/23 09:37:07 [error] [php] Undefined variable: r (/Applications/MAMP/htdocs/bmt/simkatmawa/protected/views/user/admin.php:36)
Stack trace:
#0 /Applications/MAMP/htdocs/bmt/simkatmawa/framework/web/CController.php(872): UserController->renderFile()
#1 /Applications/MAMP/htdocs/bmt/simkatmawa/framework/web/CController.php(785): UserController->renderPartial()
#2 /Applications/MAMP/htdocs/bmt/simkatmawa/protected/controllers/UserController.php(142): UserController->render()
#3 /Applications/MAMP/htdocs/bmt/simkatmawa/framework/web/actions/CInlineAction.php(49): UserController->actionAdmin()
#4 /Applications/MAMP/htdocs/bmt/simkatmawa/framework/web/CController.php(308): CInlineAction->runWithParams()
#5 /Applications/MAMP/htdocs/bmt/simkatmawa/framework/web/filters/CFilterChain.php(134): UserController->runAction()
#6 /Applications/MAMP/htdocs/bmt/simkatmawa/framework/web/filters/CFilter.php(40): CFilterChain->run()
#7 /Applications/MAMP/htdocs/bmt/simkatmawa/framework/web/CController.php(1148): CAccessControlFilter->filter()
#8 /Applications/MAMP/htdocs/bmt/simkatmawa/framework/web/filters/CInlineFilter.php(58): UserController->filterAccessControl()
#9 /Applications/MAMP/htdocs/bmt/simkatmawa/framework/web/filters/CFilterChain.php(131): CInlineFilter->filter()
#10 /Applications/MAMP/htdocs/bmt/simkatmawa/framework/web/CController.php(291): CFilterChain->run()
#11 /Applications/MAMP/htdocs/bmt/simkatmawa/framework/web/CController.php(265): UserController->runActionWithFilters()
#12 /Applications/MAMP/htdocs/bmt/simkatmawa/framework/web/CWebApplication.php(282): UserController->run()
#13 /Applications/MAMP/htdocs/bmt/simkatmawa/framework/web/CWebApplication.php(141): CWebApplication->runController()
#14 /Applications/MAMP/htdocs/bmt/simkatmawa/framework/base/CApplication.php(185): CWebApplication->processRequest()
#15 /Applications/MAMP/htdocs/bmt/simkatmawa/index.php(13): CWebApplication->run()
REQUEST_URI=/bmt/simkatmawa/index.php?r=user/admin
in /Applications/MAMP/htdocs/bmt/simkatmawa/protected/views/user/admin.php (36)
in /Applications/MAMP/htdocs/bmt/simkatmawa/protected/controllers/UserController.php (142)
in /Applications/MAMP/htdocs/bmt/simkatmawa/index.php (13)
2021/08/23 09:37:12 [error] [exception.CException] CException: Properti "User.id_user" tidak didefinisikan. in /Applications/MAMP/htdocs/bmt/simkatmawa/framework/base/CComponent.php:130
Stack trace:
#0 /Applications/MAMP/htdocs/bmt/simkatmawa/framework/db/ar/CActiveRecord.php(145): CComponent->__get('id_user')
#1 /Applications/MAMP/htdocs/bmt/simkatmawa/protected/views/user/admin.php(36): CActiveRecord->__get('id_user')
#2 /Applications/MAMP/htdocs/bmt/simkatmawa/framework/web/CBaseController.php(126): require('/Applications/M...')
#3 /Applications/MAMP/htdocs/bmt/simkatmawa/framework/web/CBaseController.php(95): CBaseController->renderInternal('/Applications/M...', Array, true)
#4 /Applications/MAMP/htdocs/bmt/simkatmawa/framework/web/CController.php(872): CBaseController->renderFile('/Applications/M...', Array, true)
#5 /Applications/MAMP/htdocs/bmt/simkatmawa/framework/web/CController.php(785): CController->renderPartial('admin', Array, true)
#6 /Applications/MAMP/htdocs/bmt/simkatmawa/protected/controllers/UserController.php(142): CController->render('admin', Array)
#7 /Applications/MAMP/htdocs/bmt/simkatmawa/framework/web/actions/CInlineAction.php(49): UserController->actionAdmin()
#8 /Applications/MAMP/htdocs/bmt/simkatmawa/framework/web/CController.php(308): CInlineAction->runWithParams(Array)
#9 /Applications/MAMP/htdocs/bmt/simkatmawa/framework/web/filters/CFilterChain.php(134): CController->runAction(Object(CInlineAction))
#10 /Applications/MAMP/htdocs/bmt/simkatmawa/framework/web/filters/CFilter.php(40): CFilterChain->run()
#11 /Applications/MAMP/htdocs/bmt/simkatmawa/framework/web/CController.php(1148): CFilter->filter(Object(CFilterChain))
#12 /Applications/MAMP/htdocs/bmt/simkatmawa/framework/web/filters/CInlineFilter.php(58): CController->filterAccessControl(Object(CFilterChain))
#13 /Applications/MAMP/htdocs/bmt/simkatmawa/framework/web/filters/CFilterChain.php(131): CInlineFilter->filter(Object(CFilterChain))
#14 /Applications/MAMP/htdocs/bmt/simkatmawa/framework/web/CController.php(291): CFilterChain->run()
#15 /Applications/MAMP/htdocs/bmt/simkatmawa/framework/web/CController.php(265): CController->runActionWithFilters(Object(CInlineAction), Array)
#16 /Applications/MAMP/htdocs/bmt/simkatmawa/framework/web/CWebApplication.php(282): CController->run('admin')
#17 /Applications/MAMP/htdocs/bmt/simkatmawa/framework/web/CWebApplication.php(141): CWebApplication->runController('user/admin')
#18 /Applications/MAMP/htdocs/bmt/simkatmawa/framework/base/CApplication.php(185): CWebApplication->processRequest()
#19 /Applications/MAMP/htdocs/bmt/simkatmawa/index.php(13): CApplication->run()
#20 {main}
REQUEST_URI=/bmt/simkatmawa/index.php?r=user/admin
HTTP_REFERER=http://localhost/bmt/simkatmawa/index.php?r=user/admin
---
